Determining if the pthread_create exist failed with the following output:
Change Dir: /home/gabicfa/catkin_ws/build/CMakeFiles/CMakeTmp

Run Build Command:"/usr/bin/make" "cmTC_11795/fast"
/usr/bin/make -f CMakeFiles/cmTC_11795.dir/build.make CMakeFiles/cmTC_11795.dir/build
make[1]: Entering directory '/home/gabicfa/catkin_ws/build/CMakeFiles/CMakeTmp'
Building C object CMakeFiles/cmTC_11795.dir/CheckSymbolExists.c.o
/usr/bin/cc    -o CMakeFiles/cmTC_11795.dir/CheckSymbolExists.c.o   -c /home/gabicfa/catkin_ws/build/CMakeFiles/CMakeTmp/CheckSymbolExists.c
Linking C executable cmTC_11795
/usr/local/bin/cmake -E cmake_link_script CMakeFiles/cmTC_11795.dir/link.txt --verbose=1
/usr/bin/cc      -rdynamic CMakeFiles/cmTC_11795.dir/CheckSymbolExists.c.o  -o cmTC_11795 
CMakeFiles/cmTC_11795.dir/CheckSymbolExists.c.o: In function `main':
CheckSymbolExists.c:(.text+0x16): undefined reference to `pthread_create'
collect2: error: ld returned 1 exit status
CMakeFiles/cmTC_11795.dir/build.make:86: recipe for target 'cmTC_11795' failed
make[1]: *** [cmTC_11795] Error 1
make[1]: Leaving directory '/home/gabicfa/catkin_ws/build/CMakeFiles/CMakeTmp'
Makefile:121: recipe for target 'cmTC_11795/fast' failed
make: *** [cmTC_11795/fast] Error 2

File /home/gabicfa/catkin_ws/build/CMakeFiles/CMakeTmp/CheckSymbolExists.c:
/* */
#include <pthread.h>

int main(int argc, char** argv)
{
  (void)argv;
#ifndef pthread_create
  return ((int*)(&pthread_create))[argc];
#else
  (void)argc;
  return 0;
#endif
}

Determining if the function pthread_create exists in the pthreads failed with the following output:
Change Dir: /home/gabicfa/catkin_ws/build/CMakeFiles/CMakeTmp

Run Build Command:"/usr/bin/make" "cmTC_be4bd/fast"
/usr/bin/make -f CMakeFiles/cmTC_be4bd.dir/build.make CMakeFiles/cmTC_be4bd.dir/build
make[1]: Entering directory '/home/gabicfa/catkin_ws/build/CMakeFiles/CMakeTmp'
Building C object CMakeFiles/cmTC_be4bd.dir/CheckFunctionExists.c.o
/usr/bin/cc   -DCHECK_FUNCTION_EXISTS=pthread_create   -o CMakeFiles/cmTC_be4bd.dir/CheckFunctionExists.c.o   -c /usr/local/share/cmake-3.12/Modules/CheckFunctionExists.c
Linking C executable cmTC_be4bd
/usr/local/bin/cmake -E cmake_link_script CMakeFiles/cmTC_be4bd.dir/link.txt --verbose=1
/usr/bin/cc  -DCHECK_FUNCTION_EXISTS=pthread_create    -rdynamic CMakeFiles/cmTC_be4bd.dir/CheckFunctionExists.c.o  -o cmTC_be4bd -lpthreads 
/usr/bin/ld: cannot find -lpthreads
collect2: error: ld returned 1 exit status
CMakeFiles/cmTC_be4bd.dir/build.make:86: recipe for target 'cmTC_be4bd' failed
make[1]: *** [cmTC_be4bd] Error 1
make[1]: Leaving directory '/home/gabicfa/catkin_ws/build/CMakeFiles/CMakeTmp'
Makefile:121: recipe for target 'cmTC_be4bd/fast' failed
make: *** [cmTC_be4bd/fast] Error 2


